<?xml version="1.0" encoding="UTF-8"?>
<testsuite name="org.hyperskill.secretdiary.Stage2UnitTest" tests="5" skipped="0" failures="0" errors="0" timestamp="2024-02-02T20:28:26" hostname="HOME-PC" time="5.679">
  <properties/>
  <testcase name="test00_checkEditText" classname="org.hyperskill.secretdiary.Stage2UnitTest" time="4.06"/>
  <testcase name="test01_checkButtonSave" classname="org.hyperskill.secretdiary.Stage2UnitTest" time="0.138"/>
  <testcase name="test02_checkTextView" classname="org.hyperskill.secretdiary.Stage2UnitTest" time="0.12"/>
  <testcase name="test03_checkSaving" classname="org.hyperskill.secretdiary.Stage2UnitTest" time="1.24"/>
  <testcase name="test04_checkSavingBlank" classname="org.hyperskill.secretdiary.Stage2UnitTest" time="0.121"/>
  <system-out><![CDATA[Called loadFromPath(/system/framework/framework-res.apk, true); mode=binary sdk=29
resources.arsc in APK 'C:\Users\Alex\.m2\repository\org\robolectric\android-all-instrumented\10-robolectric-5803371-i3\android-all-instrumented-10-robolectric-5803371-i3.jar' is compressed.
]]></system-out>
  <system-err><![CDATA[]]></system-err>
</testsuite>
